# JRE version: Java(TM) SE Runtime Environment (8.0_11-b12) (build 1.8.0_11-b12)
# Java VM: Java HotSpot(TM) 64-Bit Server VM (25.11-b03 mixed mode windows-amd64 compressed oops)
Heap:
 PSYoungGen      total 301056K, used 166912K [0x00000000d5580000, 0x00000000f2c00000, 0x0000000100000000)
  eden space 166912K, 100% used [0x00000000d5580000,0x00000000df880000,0x00000000df880000)
  from space 134144K, 0% used [0x00000000df880000,0x00000000df880000,0x00000000e7b80000)
  to   space 149504K, 0% used [0x00000000e9a00000,0x00000000e9a00000,0x00000000f2c00000)
 ParOldGen       total 364544K, used 364439K [0x0000000080000000, 0x0000000096400000, 0x00000000d5580000)
  object space 364544K, 99% used [0x0000000080000000,0x00000000963e5f78,0x0000000096400000)
 Metaspace       used 6339K, capacity 7128K, committed 7424K, reserved 1056768K
  class space    used 624K, capacity 656K, committed 768K, reserved 1048576K
GC Heap History (10 events):
Event: 87.127 GC heap before
{Heap before GC invocations=54 (full 8):
 PSYoungGen      total 264704K, used 215399K [0x00000000d5580000, 0x00000000ebf80000, 0x0000000100000000)
  eden space 176640K, 100% used [0x00000000d5580000,0x00000000e0200000,0x00000000e0200000)
  from space 88064K, 44% used [0x00000000e0200000,0x00000000e27d9da0,0x00000000e5800000)
  to   space 92672K, 0% used [0x00000000e6500000,0x00000000e6500000,0x00000000ebf80000)
 ParOldGen       total 364544K, used 321088K [0x0000000080000000, 0x0000000096400000, 0x00000000d5580000)
  object space 364544K, 88% used [0x0000000080000000,0x00000000939903c8,0x0000000096400000)
 Metaspace       used 6329K, capacity 7128K, committed 7424K, reserved 1056768K
  class space    used 623K, capacity 656K, committed 768K, reserved 1048576K
Event: 87.209 GC heap after
Heap after GC invocations=54 (full 8):
 PSYoungGen      total 272384K, used 66358K [0x00000000d5580000, 0x00000000eca00000, 0x0000000100000000)
  eden space 179712K, 0% used [0x00000000d5580000,0x00000000d5580000,0x00000000e0500000)
  from space 92672K, 71% used [0x00000000e6500000,0x00000000ea5cd900,0x00000000ebf80000)
  to   space 98304K, 0% used [0x00000000e0500000,0x00000000e0500000,0x00000000e6500000)
 ParOldGen       total 364544K, used 321088K [0x0000000080000000, 0x0000000096400000, 0x00000000d5580000)
  object space 364544K, 88% used [0x0000000080000000,0x00000000939903c8,0x0000000096400000)
 Metaspace       used 6329K, capacity 7128K, committed 7424K, reserved 1056768K
  class space    used 623K, capacity 656K, committed 768K, reserved 1048576K
}
Event: 87.977 GC heap before
{Heap before GC invocations=55 (full 8):
 PSYoungGen      total 272384K, used 246070K [0x00000000d5580000, 0x00000000eca00000, 0x0000000100000000)
  eden space 179712K, 100% used [0x00000000d5580000,0x00000000e0500000,0x00000000e0500000)
  from space 92672K, 71% used [0x00000000e6500000,0x00000000ea5cd900,0x00000000ebf80000)
  to   space 98304K, 0% used [0x00000000e0500000,0x00000000e0500000,0x00000000e6500000)
 ParOldGen       total 364544K, used 321091K [0x0000000080000000, 0x0000000096400000, 0x00000000d5580000)
  object space 364544K, 88% used [0x0000000080000000,0x0000000093990dd8,0x0000000096400000)
 Metaspace       used 6329K, capacity 7128K, committed 7424K, reserved 1056768K
  class space    used 623K, capacity 656K, committed 768K, reserved 1048576K
Event: 88.035 GC heap after
Heap after GC invocations=55 (full 8):
 PSYoungGen      total 278016K, used 92178K [0x00000000d5580000, 0x00000000ee900000, 0x0000000100000000)
  eden space 179712K, 0% used [0x00000000d5580000,0x00000000d5580000,0x00000000e0500000)
  from space 98304K, 93% used [0x00000000e0500000,0x00000000e5f04b88,0x00000000e6500000)
  to   space 112128K, 0% used [0x00000000e7b80000,0x00000000e7b80000,0x00000000ee900000)
 ParOldGen       total 364544K, used 321091K [0x0000000080000000, 0x0000000096400000, 0x00000000d5580000)
  object space 364544K, 88% used [0x0000000080000000,0x0000000093990dd8,0x0000000096400000)
 Metaspace       used 6329K, capacity 7128K, committed 7424K, reserved 1056768K
  class space    used 623K, capacity 656K, committed 768K, reserved 1048576K
}
Event: 88.347 GC heap before
{Heap before GC invocations=56 (full 8):
 PSYoungGen      total 278016K, used 271890K [0x00000000d5580000, 0x00000000ee900000, 0x0000000100000000)
  eden space 179712K, 100% used [0x00000000d5580000,0x00000000e0500000,0x00000000e0500000)
  from space 98304K, 93% used [0x00000000e0500000,0x00000000e5f04b88,0x00000000e6500000)
  to   space 112128K, 0% used [0x00000000e7b80000,0x00000000e7b80000,0x00000000ee900000)
 ParOldGen       total 364544K, used 321091K [0x0000000080000000, 0x0000000096400000, 0x00000000d5580000)
  object space 364544K, 88% used [0x0000000080000000,0x0000000093990dd8,0x0000000096400000)
 Metaspace       used 6331K, capacity 7128K, committed 7424K, reserved 1056768K
  class space    used 623K, capacity 656K, committed 768K, reserved 1048576K
Event: 88.425 GC heap after
Heap after GC invocations=56 (full 8):
 PSYoungGen      total 279040K, used 112104K [0x00000000d5580000, 0x00000000f1780000, 0x0000000100000000)
  eden space 166912K, 0% used [0x00000000d5580000,0x00000000d5580000,0x00000000df880000)
  from space 112128K, 99% used [0x00000000e7b80000,0x00000000ee8fa010,0x00000000ee900000)
  to   space 134144K, 0% used [0x00000000df880000,0x00000000df880000,0x00000000e7b80000)
 ParOldGen       total 364544K, used 330778K [0x0000000080000000, 0x0000000096400000, 0x00000000d5580000)
  object space 364544K, 90% used [0x0000000080000000,0x0000000094306ba8,0x0000000096400000)
 Metaspace       used 6331K, capacity 7128K, committed 7424K, reserved 1056768K
  class space    used 623K, capacity 656K, committed 768K, reserved 1048576K
}
Event: 88.620 GC heap before
{Heap before GC invocations=57 (full 8):
 PSYoungGen      total 279040K, used 279016K [0x00000000d5580000, 0x00000000f1780000, 0x0000000100000000)
  eden space 166912K, 100% used [0x00000000d5580000,0x00000000df880000,0x00000000df880000)
  from space 112128K, 99% used [0x00000000e7b80000,0x00000000ee8fa010,0x00000000ee900000)
  to   space 134144K, 0% used [0x00000000df880000,0x00000000df880000,0x00000000e7b80000)
 ParOldGen       total 364544K, used 330778K [0x0000000080000000, 0x0000000096400000, 0x00000000d5580000)
  object space 364544K, 90% used [0x0000000080000000,0x0000000094306ba8,0x0000000096400000)
 Metaspace       used 6337K, capacity 7128K, committed 7424K, reserved 1056768K
  class space    used 624K, capacity 656K, committed 768K, reserved 1048576K
Event: 88.722 GC heap after
Heap after GC invocations=57 (full 8):
 PSYoungGen      total 301056K, used 116301K [0x00000000d5580000, 0x00000000f2c00000, 0x0000000100000000)
  eden space 166912K, 0% used [0x00000000d5580000,0x00000000d5580000,0x00000000df880000)
  from space 134144K, 86% used [0x00000000df880000,0x00000000e6a13488,0x00000000e7b80000)
  to   space 149504K, 0% used [0x00000000e9a00000,0x00000000e9a00000,0x00000000f2c00000)
 ParOldGen       total 364544K, used 350607K [0x0000000080000000, 0x0000000096400000, 0x00000000d5580000)
  object space 364544K, 96% used [0x0000000080000000,0x0000000095663d68,0x0000000096400000)
 Metaspace       used 6337K, capacity 7128K, committed 7424K, reserved 1056768K
  class space    used 624K, capacity 656K, committed 768K, reserved 1048576K
}
Event: 88.722 GC heap before
{Heap before GC invocations=58 (full 9):
 PSYoungGen      total 301056K, used 116301K [0x00000000d5580000, 0x00000000f2c00000, 0x0000000100000000)
  eden space 166912K, 0% used [0x00000000d5580000,0x00000000d5580000,0x00000000df880000)
  from space 134144K, 86% used [0x00000000df880000,0x00000000e6a13488,0x00000000e7b80000)
  to   space 149504K, 0% used [0x00000000e9a00000,0x00000000e9a00000,0x00000000f2c00000)
 ParOldGen       total 364544K, used 350607K [0x0000000080000000, 0x0000000096400000, 0x00000000d5580000)
  object space 364544K, 96% used [0x0000000080000000,0x0000000095663d68,0x0000000096400000)
 Metaspace       used 6337K, capacity 7128K, committed 7424K, reserved 1056768K
  class space    used 624K, capacity 656K, committed 768K, reserved 1048576K
Event: 91.917 GC heap after
Heap after GC invocations=58 (full 9):
 PSYoungGen      total 301056K, used 100377K [0x00000000d5580000, 0x00000000f2c00000, 0x0000000100000000)
  eden space 166912K, 0% used [0x00000000d5580000,0x00000000d5580000,0x00000000df880000)
  from space 134144K, 74% used [0x00000000df880000,0x00000000e5a864d0,0x00000000e7b80000)
  to   space 149504K, 0% used [0x00000000e9a00000,0x00000000e9a00000,0x00000000f2c00000)
 ParOldGen       total 364544K, used 364131K [0x0000000080000000, 0x0000000096400000, 0x00000000d5580000)
  object space 364544K, 99% used [0x0000000080000000,0x0000000096398e60,0x0000000096400000)
 Metaspace       used 6337K, capacity 7128K, committed 7424K, reserved 1056768K
  class space    used 624K, capacity 656K, committed 768K, reserved 1048576K
}

