# JRE version: Java(TM) SE Runtime Environment (8.0_11-b12) (build 1.8.0_11-b12)
# Java VM: Java HotSpot(TM) 64-Bit Server VM (25.11-b03 mixed mode windows-amd64 compressed oops)
Heap:
 PSYoungGen      total 259584K, used 162245K [0x00000000d5580000, 0x00000000e7680000, 0x0000000100000000)
  eden space 226304K, 71% used [0x00000000d5580000,0x00000000df3f1698,0x00000000e3280000)
  from space 33280K, 0% used [0x00000000e3280000,0x00000000e3280000,0x00000000e5300000)
  to   space 30208K, 0% used [0x00000000e5300000,0x00000000e5300000,0x00000000e7080000)
 ParOldGen       total 192512K, used 192461K [0x0000000080000000, 0x000000008bc00000, 0x00000000d5580000)
  object space 192512K, 99% used [0x0000000080000000,0x000000008bbf3798,0x000000008bc00000)
 Metaspace       used 6322K, capacity 7128K, committed 7424K, reserved 1056768K
  class space    used 620K, capacity 656K, committed 768K, reserved 1048576K
GC Heap History (10 events):
Event: 3.463 GC heap before
{Heap before GC invocations=28 (full 1):
 PSYoungGen      total 256512K, used 238002K [0x00000000d5580000, 0x00000000e7680000, 0x0000000100000000)
  eden space 226304K, 100% used [0x00000000d5580000,0x00000000e3280000,0x00000000e3280000)
  from space 30208K, 38% used [0x00000000e5300000,0x00000000e5e6ca18,0x00000000e7080000)
  to   space 33280K, 0% used [0x00000000e3280000,0x00000000e3280000,0x00000000e5300000)
 ParOldGen       total 152064K, used 125405K [0x0000000080000000, 0x0000000089480000, 0x00000000d5580000)
  object space 152064K, 82% used [0x0000000080000000,0x0000000087a77608,0x0000000089480000)
 Metaspace       used 6319K, capacity 7128K, committed 7424K, reserved 1056768K
  class space    used 620K, capacity 656K, committed 768K, reserved 1048576K
Event: 3.525 GC heap after
Heap after GC invocations=28 (full 1):
 PSYoungGen      total 259584K, used 33266K [0x00000000d5580000, 0x00000000e7680000, 0x0000000100000000)
  eden space 226304K, 0% used [0x00000000d5580000,0x00000000d5580000,0x00000000e3280000)
  from space 33280K, 99% used [0x00000000e3280000,0x00000000e52fc998,0x00000000e5300000)
  to   space 30208K, 0% used [0x00000000e5300000,0x00000000e5300000,0x00000000e7080000)
 ParOldGen       total 152064K, used 138558K [0x0000000080000000, 0x0000000089480000, 0x00000000d5580000)
  object space 152064K, 91% used [0x0000000080000000,0x000000008874faf8,0x0000000089480000)
 Metaspace       used 6319K, capacity 7128K, committed 7424K, reserved 1056768K
  class space    used 620K, capacity 656K, committed 768K, reserved 1048576K
}
Event: 3.525 GC heap before
{Heap before GC invocations=29 (full 2):
 PSYoungGen      total 259584K, used 33266K [0x00000000d5580000, 0x00000000e7680000, 0x0000000100000000)
  eden space 226304K, 0% used [0x00000000d5580000,0x00000000d5580000,0x00000000e3280000)
  from space 33280K, 99% used [0x00000000e3280000,0x00000000e52fc998,0x00000000e5300000)
  to   space 30208K, 0% used [0x00000000e5300000,0x00000000e5300000,0x00000000e7080000)
 ParOldGen       total 152064K, used 138558K [0x0000000080000000, 0x0000000089480000, 0x00000000d5580000)
  object space 152064K, 91% used [0x0000000080000000,0x000000008874faf8,0x0000000089480000)
 Metaspace       used 6319K, capacity 7128K, committed 7424K, reserved 1056768K
  class space    used 620K, capacity 656K, committed 768K, reserved 1048576K
Event: 4.189 GC heap after
Heap after GC invocations=29 (full 2):
 PSYoungGen      total 259584K, used 18344K [0x00000000d5580000, 0x00000000e7680000, 0x0000000100000000)
  eden space 226304K, 0% used [0x00000000d5580000,0x00000000d5580000,0x00000000e3280000)
  from space 33280K, 55% used [0x00000000e3280000,0x00000000e446a388,0x00000000e5300000)
  to   space 30208K, 0% used [0x00000000e5300000,0x00000000e5300000,0x00000000e7080000)
 ParOldGen       total 152064K, used 151810K [0x0000000080000000, 0x0000000089480000, 0x00000000d5580000)
  object space 152064K, 99% used [0x0000000080000000,0x0000000089440a48,0x0000000089480000)
 Metaspace       used 6319K, capacity 7128K, committed 7424K, reserved 1056768K
  class space    used 620K, capacity 656K, committed 768K, reserved 1048576K
}
Event: 4.535 GC heap before
{Heap before GC invocations=30 (full 3):
 PSYoungGen      total 259584K, used 244648K [0x00000000d5580000, 0x00000000e7680000, 0x0000000100000000)
  eden space 226304K, 100% used [0x00000000d5580000,0x00000000e3280000,0x00000000e3280000)
  from space 33280K, 55% used [0x00000000e3280000,0x00000000e446a388,0x00000000e5300000)
  to   space 30208K, 0% used [0x00000000e5300000,0x00000000e5300000,0x00000000e7080000)
 ParOldGen       total 152064K, used 151810K [0x0000000080000000, 0x0000000089480000, 0x00000000d5580000)
  object space 152064K, 99% used [0x0000000080000000,0x0000000089440a48,0x0000000089480000)
 Metaspace       used 6320K, capacity 7128K, committed 7424K, reserved 1056768K
  class space    used 620K, capacity 656K, committed 768K, reserved 1048576K
Event: 5.696 GC heap after
Heap after GC invocations=30 (full 3):
 PSYoungGen      total 259584K, used 56598K [0x00000000d5580000, 0x00000000e7680000, 0x0000000100000000)
  eden space 226304K, 25% used [0x00000000d5580000,0x00000000d8cc5a78,0x00000000e3280000)
  from space 33280K, 0% used [0x00000000e3280000,0x00000000e3280000,0x00000000e5300000)
  to   space 30208K, 0% used [0x00000000e5300000,0x00000000e5300000,0x00000000e7080000)
 ParOldGen       total 181248K, used 152055K [0x0000000080000000, 0x000000008b100000, 0x00000000d5580000)
  object space 181248K, 83% used [0x0000000080000000,0x000000008947deb0,0x000000008b100000)
 Metaspace       used 6320K, capacity 7128K, committed 7424K, reserved 1056768K
  class space    used 620K, capacity 656K, committed 768K, reserved 1048576K
}
Event: 5.954 GC heap before
{Heap before GC invocations=31 (full 3):
 PSYoungGen      total 259584K, used 226304K [0x00000000d5580000, 0x00000000e7680000, 0x0000000100000000)
  eden space 226304K, 100% used [0x00000000d5580000,0x00000000e3280000,0x00000000e3280000)
  from space 33280K, 0% used [0x00000000e3280000,0x00000000e3280000,0x00000000e5300000)
  to   space 30208K, 0% used [0x00000000e5300000,0x00000000e5300000,0x00000000e7080000)
 ParOldGen       total 181248K, used 152055K [0x0000000080000000, 0x000000008b100000, 0x00000000d5580000)
  object space 181248K, 83% used [0x0000000080000000,0x000000008947deb0,0x000000008b100000)
 Metaspace       used 6322K, capacity 7128K, committed 7424K, reserved 1056768K
  class space    used 620K, capacity 656K, committed 768K, reserved 1048576K
Event: 6.789 GC heap after
Heap after GC invocations=31 (full 3):
 PSYoungGen      total 259584K, used 226304K [0x00000000d5580000, 0x00000000e7680000, 0x0000000100000000)
  eden space 226304K, 100% used [0x00000000d5580000,0x00000000e3280000,0x00000000e3280000)
  from space 33280K, 0% used [0x00000000e3280000,0x00000000e3280000,0x00000000e5300000)
  to   space 30208K, 99% used [0x00000000e5300000,0x00000000e707ac98,0x00000000e7080000)
 ParOldGen       total 192512K, used 192504K [0x0000000080000000, 0x000000008bc00000, 0x00000000d5580000)
  object space 192512K, 99% used [0x0000000080000000,0x000000008bbfe398,0x000000008bc00000)
 Metaspace       used 6322K, capacity 7128K, committed 7424K, reserved 1056768K
  class space    used 620K, capacity 656K, committed 768K, reserved 1048576K
}
Event: 6.789 GC heap before
{Heap before GC invocations=32 (full 4):
 PSYoungGen      total 259584K, used 226304K [0x00000000d5580000, 0x00000000e7680000, 0x0000000100000000)
  eden space 226304K, 100% used [0x00000000d5580000,0x00000000e3280000,0x00000000e3280000)
  from space 33280K, 0% used [0x00000000e3280000,0x00000000e3280000,0x00000000e5300000)
  to   space 30208K, 99% used [0x00000000e5300000,0x00000000e707ac98,0x00000000e7080000)
 ParOldGen       total 192512K, used 192504K [0x0000000080000000, 0x000000008bc00000, 0x00000000d5580000)
  object space 192512K, 99% used [0x0000000080000000,0x000000008bbfe398,0x000000008bc00000)
 Metaspace       used 6322K, capacity 7128K, committed 7424K, reserved 1056768K
  class space    used 620K, capacity 656K, committed 768K, reserved 1048576K
Event: 8.193 GC heap after
Heap after GC invocations=32 (full 4):
 PSYoungGen      total 259584K, used 42767K [0x00000000d5580000, 0x00000000e7680000, 0x0000000100000000)
  eden space 226304K, 18% used [0x00000000d5580000,0x00000000d7f43d58,0x00000000e3280000)
  from space 33280K, 0% used [0x00000000e3280000,0x00000000e3280000,0x00000000e5300000)
  to   space 30208K, 0% used [0x00000000e5300000,0x00000000e5300000,0x00000000e7080000)
 ParOldGen       total 192512K, used 192461K [0x0000000080000000, 0x000000008bc00000, 0x00000000d5580000)
  object space 192512K, 99% used [0x0000000080000000,0x000000008bbf3798,0x000000008bc00000)
 Metaspace       used 6322K, capacity 7128K, committed 7424K, reserved 1056768K
  class space    used 620K, capacity 656K, committed 768K, reserved 1048576K
}

