# JRE version: Java(TM) SE Runtime Environment (8.0_11-b12) (build 1.8.0_11-b12)
# Java VM: Java HotSpot(TM) 64-Bit Server VM (25.11-b03 mixed mode windows-amd64 compressed oops)
Heap:
 PSYoungGen      total 276480K, used 145389K [0x00000000d5580000, 0x00000000f3300000, 0x0000000100000000)
  eden space 131072K, 0% used [0x00000000d5580000,0x00000000d5580000,0x00000000dd580000)
  from space 145408K, 99% used [0x00000000e7900000,0x00000000f06fb450,0x00000000f0700000)
  to   space 167424K, 0% used [0x00000000dd580000,0x00000000dd580000,0x00000000e7900000)
 ParOldGen       total 359936K, used 345251K [0x0000000080000000, 0x0000000095f80000, 0x00000000d5580000)
  object space 359936K, 95% used [0x0000000080000000,0x0000000095128e78,0x0000000095f80000)
 Metaspace       used 6309K, capacity 7128K, committed 7424K, reserved 1056768K
  class space    used 622K, capacity 656K, committed 768K, reserved 1048576K
GC Heap History (10 events):
Event: 50.564 GC heap after
Heap after GC invocations=57 (full 6):
 PSYoungGen      total 243712K, used 89813K [0x00000000d5580000, 0x00000000ece00000, 0x0000000100000000)
  eden space 139776K, 0% used [0x00000000d5580000,0x00000000d5580000,0x00000000dde00000)
  from space 103936K, 86% used [0x00000000dde00000,0x00000000e35b5490,0x00000000e4380000)
  to   space 116224K, 0% used [0x00000000e5c80000,0x00000000e5c80000,0x00000000ece00000)
 ParOldGen       total 316928K, used 307658K [0x0000000080000000, 0x0000000093580000, 0x00000000d5580000)
  object space 316928K, 97% used [0x0000000080000000,0x0000000092c72b40,0x0000000093580000)
 Metaspace       used 6297K, capacity 7128K, committed 7424K, reserved 1056768K
  class space    used 621K, capacity 656K, committed 768K, reserved 1048576K
}
Event: 50.564 GC heap before
{Heap before GC invocations=58 (full 7):
 PSYoungGen      total 243712K, used 89813K [0x00000000d5580000, 0x00000000ece00000, 0x0000000100000000)
  eden space 139776K, 0% used [0x00000000d5580000,0x00000000d5580000,0x00000000dde00000)
  from space 103936K, 86% used [0x00000000dde00000,0x00000000e35b5490,0x00000000e4380000)
  to   space 116224K, 0% used [0x00000000e5c80000,0x00000000e5c80000,0x00000000ece00000)
 ParOldGen       total 316928K, used 307658K [0x0000000080000000, 0x0000000093580000, 0x00000000d5580000)
  object space 316928K, 97% used [0x0000000080000000,0x0000000092c72b40,0x0000000093580000)
 Metaspace       used 6297K, capacity 7128K, committed 7424K, reserved 1056768K
  class space    used 621K, capacity 656K, committed 768K, reserved 1048576K
Event: 52.342 GC heap after
Heap after GC invocations=58 (full 7):
 PSYoungGen      total 243712K, used 76049K [0x00000000d5580000, 0x00000000ece00000, 0x0000000100000000)
  eden space 139776K, 0% used [0x00000000d5580000,0x00000000d5580000,0x00000000dde00000)
  from space 103936K, 73% used [0x00000000dde00000,0x00000000e28445a8,0x00000000e4380000)
  to   space 116224K, 0% used [0x00000000e5c80000,0x00000000e5c80000,0x00000000ece00000)
 ParOldGen       total 359936K, used 316568K [0x0000000080000000, 0x0000000095f80000, 0x00000000d5580000)
  object space 359936K, 87% used [0x0000000080000000,0x0000000093526168,0x0000000095f80000)
 Metaspace       used 6297K, capacity 7128K, committed 7424K, reserved 1056768K
  class space    used 621K, capacity 656K, committed 768K, reserved 1048576K
}
Event: 52.447 GC heap before
{Heap before GC invocations=59 (full 7):
 PSYoungGen      total 243712K, used 215825K [0x00000000d5580000, 0x00000000ece00000, 0x0000000100000000)
  eden space 139776K, 100% used [0x00000000d5580000,0x00000000dde00000,0x00000000dde00000)
  from space 103936K, 73% used [0x00000000dde00000,0x00000000e28445a8,0x00000000e4380000)
  to   space 116224K, 0% used [0x00000000e5c80000,0x00000000e5c80000,0x00000000ece00000)
 ParOldGen       total 359936K, used 316568K [0x0000000080000000, 0x0000000095f80000, 0x00000000d5580000)
  object space 359936K, 87% used [0x0000000080000000,0x0000000093526168,0x0000000095f80000)
 Metaspace       used 6297K, capacity 7128K, committed 7424K, reserved 1056768K
  class space    used 621K, capacity 656K, committed 768K, reserved 1048576K
Event: 52.583 GC heap after
Heap after GC invocations=59 (full 7):
 PSYoungGen      total 257536K, used 96170K [0x00000000d5580000, 0x00000000ee200000, 0x0000000100000000)
  eden space 141312K, 0% used [0x00000000d5580000,0x00000000d5580000,0x00000000ddf80000)
  from space 116224K, 82% used [0x00000000e5c80000,0x00000000eba6a8d8,0x00000000ece00000)
  to   space 128000K, 0% used [0x00000000ddf80000,0x00000000ddf80000,0x00000000e5c80000)
 ParOldGen       total 359936K, used 316568K [0x0000000080000000, 0x0000000095f80000, 0x00000000d5580000)
  object space 359936K, 87% used [0x0000000080000000,0x0000000093526168,0x0000000095f80000)
 Metaspace       used 6297K, capacity 7128K, committed 7424K, reserved 1056768K
  class space    used 621K, capacity 656K, committed 768K, reserved 1048576K
}
Event: 52.677 GC heap before
{Heap before GC invocations=60 (full 7):
 PSYoungGen      total 257536K, used 237482K [0x00000000d5580000, 0x00000000ee200000, 0x0000000100000000)
  eden space 141312K, 100% used [0x00000000d5580000,0x00000000ddf80000,0x00000000ddf80000)
  from space 116224K, 82% used [0x00000000e5c80000,0x00000000eba6a8d8,0x00000000ece00000)
  to   space 128000K, 0% used [0x00000000ddf80000,0x00000000ddf80000,0x00000000e5c80000)
 ParOldGen       total 359936K, used 316568K [0x0000000080000000, 0x0000000095f80000, 0x00000000d5580000)
  object space 359936K, 87% used [0x0000000080000000,0x0000000093526168,0x0000000095f80000)
 Metaspace       used 6297K, capacity 7128K, committed 7424K, reserved 1056768K
  class space    used 621K, capacity 656K, committed 768K, reserved 1048576K
Event: 52.758 GC heap after
Heap after GC invocations=60 (full 7):
 PSYoungGen      total 269312K, used 118021K [0x00000000d5580000, 0x00000000f0700000, 0x0000000100000000)
  eden space 141312K, 0% used [0x00000000d5580000,0x00000000d5580000,0x00000000ddf80000)
  from space 128000K, 92% used [0x00000000ddf80000,0x00000000e52c14d8,0x00000000e5c80000)
  to   space 145408K, 0% used [0x00000000e7900000,0x00000000e7900000,0x00000000f0700000)
 ParOldGen       total 359936K, used 316568K [0x0000000080000000, 0x0000000095f80000, 0x00000000d5580000)
  object space 359936K, 87% used [0x0000000080000000,0x0000000093526168,0x0000000095f80000)
 Metaspace       used 6297K, capacity 7128K, committed 7424K, reserved 1056768K
  class space    used 621K, capacity 656K, committed 768K, reserved 1048576K
}
Event: 52.865 GC heap before
{Heap before GC invocations=61 (full 7):
 PSYoungGen      total 269312K, used 259333K [0x00000000d5580000, 0x00000000f0700000, 0x0000000100000000)
  eden space 141312K, 100% used [0x00000000d5580000,0x00000000ddf80000,0x00000000ddf80000)
  from space 128000K, 92% used [0x00000000ddf80000,0x00000000e52c14d8,0x00000000e5c80000)
  to   space 145408K, 0% used [0x00000000e7900000,0x00000000e7900000,0x00000000f0700000)
 ParOldGen       total 359936K, used 316568K [0x0000000080000000, 0x0000000095f80000, 0x00000000d5580000)
  object space 359936K, 87% used [0x0000000080000000,0x0000000093526168,0x0000000095f80000)
 Metaspace       used 6305K, capacity 7128K, committed 7424K, reserved 1056768K
  class space    used 622K, capacity 656K, committed 768K, reserved 1048576K
Event: 52.963 GC heap after
Heap after GC invocations=61 (full 7):
 PSYoungGen      total 276480K, used 140066K [0x00000000d5580000, 0x00000000f3300000, 0x0000000100000000)
  eden space 131072K, 0% used [0x00000000d5580000,0x00000000d5580000,0x00000000dd580000)
  from space 145408K, 96% used [0x00000000e7900000,0x00000000f01c88b0,0x00000000f0700000)
  to   space 167424K, 0% used [0x00000000dd580000,0x00000000dd580000,0x00000000e7900000)
 ParOldGen       total 359936K, used 316568K [0x0000000080000000, 0x0000000095f80000, 0x00000000d5580000)
  object space 359936K, 87% used [0x0000000080000000,0x0000000093526168,0x0000000095f80000)
 Metaspace       used 6305K, capacity 7128K, committed 7424K, reserved 1056768K
  class space    used 622K, capacity 656K, committed 768K, reserved 1048576K
}
Event: 54.090 GC heap before
{Heap before GC invocations=62 (full 7):
 PSYoungGen      total 276480K, used 271138K [0x00000000d5580000, 0x00000000f3300000, 0x0000000100000000)
  eden space 131072K, 100% used [0x00000000d5580000,0x00000000dd580000,0x00000000dd580000)
  from space 145408K, 96% used [0x00000000e7900000,0x00000000f01c88b0,0x00000000f0700000)
  to   space 167424K, 0% used [0x00000000dd580000,0x00000000dd580000,0x00000000e7900000)
 ParOldGen       total 359936K, used 316568K [0x0000000080000000, 0x0000000095f80000, 0x00000000d5580000)
  object space 359936K, 87% used [0x0000000080000000,0x0000000093526168,0x0000000095f80000)
 Metaspace       used 6306K, capacity 7128K, committed 7424K, reserved 1056768K
  class space    used 622K, capacity 656K, committed 768K, reserved 1048576K

